# JRE version: Java(TM) SE Runtime Environment (8.0_181-b13) (build 1.8.0_181-b13)
# Java VM: Java HotSpot(TM) 64-Bit Server VM (25.181-b13 mixed mode windows-amd64 compressed oops)
Heap:
 PSYoungGen      total 75776K, used 2055K [0x000000076b780000, 0x0000000770c00000, 0x00000007c0000000)
  eden space 65024K, 3% used [0x000000076b780000,0x000000076b981d28,0x000000076f700000)
  from space 10752K, 0% used [0x0000000770180000,0x0000000770180000,0x0000000770c00000)
  to   space 10752K, 0% used [0x000000076f700000,0x000000076f700000,0x0000000770180000)
 ParOldGen       total 103936K, used 9007K [0x00000006c2600000, 0x00000006c8b80000, 0x000000076b780000)
  object space 103936K, 8% used [0x00000006c2600000,0x00000006c2ecbef8,0x00000006c8b80000)
 Metaspace       used 20870K, capacity 21651K, committed 21760K, reserved 1069056K
  class space    used 2835K, capacity 3043K, committed 3072K, reserved 1048576K
GC Heap History (6 events):
Event: 2.843 GC heap before
{Heap before GC invocations=1 (full 0):
 PSYoungGen      total 75776K, used 65024K [0x000000076b780000, 0x0000000770c00000, 0x00000007c0000000)
  eden space 65024K, 100% used [0x000000076b780000,0x000000076f700000,0x000000076f700000)
  from space 10752K, 0% used [0x0000000770180000,0x0000000770180000,0x0000000770c00000)
  to   space 10752K, 0% used [0x000000076f700000,0x000000076f700000,0x0000000770180000)
 ParOldGen       total 173568K, used 0K [0x00000006c2600000, 0x00000006ccf80000, 0x000000076b780000)
  object space 173568K, 0% used [0x00000006c2600000,0x00000006c2600000,0x00000006ccf80000)
 Metaspace       used 19057K, capacity 19824K, committed 19840K, reserved 1067008K
  class space    used 2722K, capacity 2939K, committed 2944K, reserved 1048576K
Event: 2.850 GC heap after
Heap after GC invocations=1 (full 0):
 PSYoungGen      total 75776K, used 10739K [0x000000076b780000, 0x0000000770c00000, 0x00000007c0000000)
  eden space 65024K, 0% used [0x000000076b780000,0x000000076b780000,0x000000076f700000)
  from space 10752K, 99% used [0x000000076f700000,0x000000077017cf28,0x0000000770180000)
  to   space 10752K, 0% used [0x0000000770180000,0x0000000770180000,0x0000000770c00000)
 ParOldGen       total 173568K, used 3173K [0x00000006c2600000, 0x00000006ccf80000, 0x000000076b780000)
  object space 173568K, 1% used [0x00000006c2600000,0x00000006c29195d8,0x00000006ccf80000)
 Metaspace       used 19057K, capacity 19824K, committed 19840K, reserved 1067008K
  class space    used 2722K, capacity 2939K, committed 2944K, reserved 1048576K
}
Event: 3.119 GC heap before
{Heap before GC invocations=2 (full 0):
 PSYoungGen      total 75776K, used 18306K [0x000000076b780000, 0x0000000770c00000, 0x00000007c0000000)
  eden space 65024K, 11% used [0x000000076b780000,0x000000076bee3cb8,0x000000076f700000)
  from space 10752K, 99% used [0x000000076f700000,0x000000077017cf28,0x0000000770180000)
  to   space 10752K, 0% used [0x0000000770180000,0x0000000770180000,0x0000000770c00000)
 ParOldGen       total 173568K, used 3173K [0x00000006c2600000, 0x00000006ccf80000, 0x000000076b780000)
  object space 173568K, 1% used [0x00000006c2600000,0x00000006c29195d8,0x00000006ccf80000)
 Metaspace       used 20427K, capacity 21171K, committed 21248K, reserved 1067008K
  class space    used 2806K, capacity 3011K, committed 3072K, reserved 1048576K
Event: 3.124 GC heap after
Heap after GC invocations=2 (full 0):
 PSYoungGen      total 75776K, used 10738K [0x000000076b780000, 0x0000000770c00000, 0x00000007c0000000)
  eden space 65024K, 0% used [0x000000076b780000,0x000000076b780000,0x000000076f700000)
  from space 10752K, 99% used [0x0000000770180000,0x0000000770bfcaf0,0x0000000770c00000)
  to   space 10752K, 0% used [0x000000076f700000,0x000000076f700000,0x0000000770180000)
 ParOldGen       total 173568K, used 3686K [0x00000006c2600000, 0x00000006ccf80000, 0x000000076b780000)
  object space 173568K, 2% used [0x00000006c2600000,0x00000006c29998d8,0x00000006ccf80000)
 Metaspace       used 20427K, capacity 21171K, committed 21248K, reserved 1067008K
  class space    used 2806K, capacity 3011K, committed 3072K, reserved 1048576K
}
Event: 3.124 GC heap before
{Heap before GC invocations=3 (full 1):
 PSYoungGen      total 75776K, used 10738K [0x000000076b780000, 0x0000000770c00000, 0x00000007c0000000)
  eden space 65024K, 0% used [0x000000076b780000,0x000000076b780000,0x000000076f700000)
  from space 10752K, 99% used [0x0000000770180000,0x0000000770bfcaf0,0x0000000770c00000)
  to   space 10752K, 0% used [0x000000076f700000,0x000000076f700000,0x0000000770180000)
 ParOldGen       total 173568K, used 3686K [0x00000006c2600000, 0x00000006ccf80000, 0x000000076b780000)
  object space 173568K, 2% used [0x00000006c2600000,0x00000006c29998d8,0x00000006ccf80000)
 Metaspace       used 20427K, capacity 21171K, committed 21248K, reserved 1067008K
  class space    used 2806K, capacity 3011K, committed 3072K, reserved 1048576K
Event: 3.143 GC heap after
Heap after GC invocations=3 (full 1):
 PSYoungGen      total 75776K, used 0K [0x000000076b780000, 0x0000000770c00000, 0x00000007c0000000)
  eden space 65024K, 0% used [0x000000076b780000,0x000000076b780000,0x000000076f700000)
  from space 10752K, 0% used [0x0000000770180000,0x0000000770180000,0x0000000770c00000)
  to   space 10752K, 0% used [0x000000076f700000,0x000000076f700000,0x0000000770180000)
 ParOldGen       total 103936K, used 9007K [0x00000006c2600000, 0x00000006c8b80000, 0x000000076b780000)
  object space 103936K, 8% used [0x00000006c2600000,0x00000006c2ecbef8,0x00000006c8b80000)
 Metaspace       used 20427K, capacity 21171K, committed 21248K, reserved 1067008K
  class space    used 2806K, capacity 3011K, committed 3072K, reserved 1048576K
}

