# JRE version: Java(TM) SE Runtime Environment (8.0_181-b13) (build 1.8.0_181-b13)
# Java VM: Java HotSpot(TM) 64-Bit Server VM (25.181-b13 mixed mode windows-amd64 compressed oops)
Heap:
 PSYoungGen      total 75776K, used 2499K [0x000000076b780000, 0x0000000770c00000, 0x00000007c0000000)
  eden space 65024K, 3% used [0x000000076b780000,0x000000076b9f0d08,0x000000076f700000)
  from space 10752K, 0% used [0x0000000770180000,0x0000000770180000,0x0000000770c00000)
  to   space 10752K, 0% used [0x000000076f700000,0x000000076f700000,0x0000000770180000)
 ParOldGen       total 103424K, used 8913K [0x00000006c2600000, 0x00000006c8b00000, 0x000000076b780000)
  object space 103424K, 8% used [0x00000006c2600000,0x00000006c2eb4750,0x00000006c8b00000)
 Metaspace       used 20878K, capacity 21693K, committed 21760K, reserved 1069056K
  class space    used 2828K, capacity 3034K, committed 3072K, reserved 1048576K
GC Heap History (6 events):
Event: 2.758 GC heap before
{Heap before GC invocations=1 (full 0):
 PSYoungGen      total 75776K, used 65024K [0x000000076b780000, 0x0000000770c00000, 0x00000007c0000000)
  eden space 65024K, 100% used [0x000000076b780000,0x000000076f700000,0x000000076f700000)
  from space 10752K, 0% used [0x0000000770180000,0x0000000770180000,0x0000000770c00000)
  to   space 10752K, 0% used [0x000000076f700000,0x000000076f700000,0x0000000770180000)
 ParOldGen       total 173568K, used 0K [0x00000006c2600000, 0x00000006ccf80000, 0x000000076b780000)
  object space 173568K, 0% used [0x00000006c2600000,0x00000006c2600000,0x00000006ccf80000)
 Metaspace       used 19087K, capacity 19866K, committed 20096K, reserved 1067008K
  class space    used 2716K, capacity 2930K, committed 2944K, reserved 1048576K
Event: 2.764 GC heap after
Heap after GC invocations=1 (full 0):
 PSYoungGen      total 75776K, used 10751K [0x000000076b780000, 0x0000000770c00000, 0x00000007c0000000)
  eden space 65024K, 0% used [0x000000076b780000,0x000000076b780000,0x000000076f700000)
  from space 10752K, 99% used [0x000000076f700000,0x000000077017fe48,0x0000000770180000)
  to   space 10752K, 0% used [0x0000000770180000,0x0000000770180000,0x0000000770c00000)
 ParOldGen       total 173568K, used 3156K [0x00000006c2600000, 0x00000006ccf80000, 0x000000076b780000)
  object space 173568K, 1% used [0x00000006c2600000,0x00000006c2915328,0x00000006ccf80000)
 Metaspace       used 19087K, capacity 19866K, committed 20096K, reserved 1067008K
  class space    used 2716K, capacity 2930K, committed 2944K, reserved 1048576K
}
Event: 3.028 GC heap before
{Heap before GC invocations=2 (full 0):
 PSYoungGen      total 75776K, used 18069K [0x000000076b780000, 0x0000000770c00000, 0x00000007c0000000)
  eden space 65024K, 11% used [0x000000076b780000,0x000000076bea5860,0x000000076f700000)
  from space 10752K, 99% used [0x000000076f700000,0x000000077017fe48,0x0000000770180000)
  to   space 10752K, 0% used [0x0000000770180000,0x0000000770180000,0x0000000770c00000)
 ParOldGen       total 173568K, used 3156K [0x00000006c2600000, 0x00000006ccf80000, 0x000000076b780000)
  object space 173568K, 1% used [0x00000006c2600000,0x00000006c2915328,0x00000006ccf80000)
 Metaspace       used 20381K, capacity 21149K, committed 21248K, reserved 1067008K
  class space    used 2793K, capacity 3002K, committed 3072K, reserved 1048576K
Event: 3.033 GC heap after
Heap after GC invocations=2 (full 0):
 PSYoungGen      total 75776K, used 10738K [0x000000076b780000, 0x0000000770c00000, 0x00000007c0000000)
  eden space 65024K, 0% used [0x000000076b780000,0x000000076b780000,0x000000076f700000)
  from space 10752K, 99% used [0x0000000770180000,0x0000000770bfcaf0,0x0000000770c00000)
  to   space 10752K, 0% used [0x000000076f700000,0x000000076f700000,0x0000000770180000)
 ParOldGen       total 173568K, used 3497K [0x00000006c2600000, 0x00000006ccf80000, 0x000000076b780000)
  object space 173568K, 2% used [0x00000006c2600000,0x00000006c296a4a0,0x00000006ccf80000)
 Metaspace       used 20381K, capacity 21149K, committed 21248K, reserved 1067008K
  class space    used 2793K, capacity 3002K, committed 3072K, reserved 1048576K
}
Event: 3.033 GC heap before
{Heap before GC invocations=3 (full 1):
 PSYoungGen      total 75776K, used 10738K [0x000000076b780000, 0x0000000770c00000, 0x00000007c0000000)
  eden space 65024K, 0% used [0x000000076b780000,0x000000076b780000,0x000000076f700000)
  from space 10752K, 99% used [0x0000000770180000,0x0000000770bfcaf0,0x0000000770c00000)
  to   space 10752K, 0% used [0x000000076f700000,0x000000076f700000,0x0000000770180000)
 ParOldGen       total 173568K, used 3497K [0x00000006c2600000, 0x00000006ccf80000, 0x000000076b780000)
  object space 173568K, 2% used [0x00000006c2600000,0x00000006c296a4a0,0x00000006ccf80000)
 Metaspace       used 20381K, capacity 21149K, committed 21248K, reserved 1067008K
  class space    used 2793K, capacity 3002K, committed 3072K, reserved 1048576K
Event: 3.052 GC heap after
Heap after GC invocations=3 (full 1):
 PSYoungGen      total 75776K, used 0K [0x000000076b780000, 0x0000000770c00000, 0x00000007c0000000)
  eden space 65024K, 0% used [0x000000076b780000,0x000000076b780000,0x000000076f700000)
  from space 10752K, 0% used [0x0000000770180000,0x0000000770180000,0x0000000770c00000)
  to   space 10752K, 0% used [0x000000076f700000,0x000000076f700000,0x0000000770180000)
 ParOldGen       total 103424K, used 8913K [0x00000006c2600000, 0x00000006c8b00000, 0x000000076b780000)
  object space 103424K, 8% used [0x00000006c2600000,0x00000006c2eb4750,0x00000006c8b00000)
 Metaspace       used 20381K, capacity 21149K, committed 21248K, reserved 1067008K
  class space    used 2793K, capacity 3002K, committed 3072K, reserved 1048576K
}

